2025-06-25 16:51:12,659 [INFO]: Logging setup complete.
2025-06-25 16:51:12,660 [INFO]: Updating course-list.csv from Google Sheets...
2025-06-25 16:51:12,660 [INFO]: course-list.csv updated.
2025-06-25 16:51:12,661 [INFO]: Starting JacSON scraper...
2025-06-25 16:51:13,109 [INFO]: JacSON scraper completed.
2025-06-25 16:51:13,110 [INFO]: Pushing JSON files to GitHub...
2025-06-25 16:51:13,313 [ERROR]: Git push failed: Command '['git', 'remote', 'set-url', 'origin', 'https://uqgblaze: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@github.com/uqgblaze/jacson.git']' returned non-zero exit status 128.
2025-06-25 16:51:13,314 [INFO]: Updating status on Google Sheets...
2025-06-25 16:51:13,315 [INFO]: Google Sheets status update complete.
2025-06-25 16:51:13,315 [INFO]: All tasks completed. Script finished.
2025-06-25 17:09:46,645 [INFO]: Logging setup complete.
2025-06-25 17:09:46,645 [INFO]: Updating course-list.csv from Google Sheets...
2025-06-25 17:09:46,646 [INFO]: course-list.csv updated.
2025-06-25 17:09:46,646 [INFO]: Starting JacSON scraper...
2025-06-25 17:10:26,847 [INFO]: JacSON scraper completed.
2025-06-25 17:10:26,848 [INFO]: Pushing JSON files to GitHub...
2025-06-25 17:10:29,196 [ERROR]: Git push failed: Command '['git', 'push', 'origin', 'main']' returned non-zero exit status 1.
2025-06-25 17:10:29,196 [INFO]: Updating status on Google Sheets...
2025-06-25 17:10:29,196 [INFO]: Google Sheets status update complete.
2025-06-25 17:10:29,197 [INFO]: All tasks completed. Script finished.
